[2020-01-19T09:37:36.126] [DEBUG] cheese - login => username:zs,password:123456
[2020-01-19T09:37:36.129] [DEBUG] cheese - zs
[2020-01-19T09:37:36.144] [DEBUG] cheese - null
[2020-01-19T09:37:36.144] [DEBUG] cheese - null
[2020-01-19T09:37:45.423] [DEBUG] cheese - login => username:admin,password:123456
[2020-01-19T09:37:45.423] [DEBUG] cheese - admin
[2020-01-19T09:37:45.432] [DEBUG] cheese - null
[2020-01-19T09:37:45.432] [DEBUG] cheese - null
[2020-01-19T14:58:49.600] [DEBUG] cheese - login => username:admin,password:123456
[2020-01-19T14:58:49.602] [DEBUG] cheese - admin
[2020-01-19T14:58:49.617] [DEBUG] cheese - null
[2020-01-19T14:58:49.618] [DEBUG] cheese - null
[2020-01-19T14:59:44.235] [DEBUG] cheese - login => username:admin,password:123456
[2020-01-19T14:59:44.235] [DEBUG] cheese - admin
[2020-01-19T14:59:44.238] [DEBUG] cheese - null
[2020-01-19T14:59:44.239] [DEBUG] cheese - null
[2020-01-19T15:17:42.569] [DEBUG] cheese - login => username:admin,password:123456
[2020-01-19T15:17:42.570] [DEBUG] cheese - admin
[2020-01-19T15:17:42.574] [DEBUG] cheese - null
[2020-01-19T15:17:42.574] [DEBUG] cheese - null
[2020-01-19T15:18:22.727] [DEBUG] cheese - login => username:admin,password:123456
[2020-01-19T15:18:22.727] [DEBUG] cheese - admin
[2020-01-19T15:18:22.729] [DEBUG] cheese - null
[2020-01-19T15:18:22.729] [DEBUG] cheese - null
[2020-01-19T15:18:26.210] [DEBUG] cheese - login => username:admin,password:123456
[2020-01-19T15:18:26.210] [DEBUG] cheese - admin
[2020-01-19T15:18:26.213] [DEBUG] cheese - null
[2020-01-19T15:18:26.213] [DEBUG] cheese - null
[2020-01-19T15:18:28.096] [DEBUG] cheese - login => username:admina,password:123456
[2020-01-19T15:18:28.096] [DEBUG] cheese - admina
[2020-01-19T15:18:28.098] [DEBUG] cheese - null
[2020-01-19T15:18:28.098] [DEBUG] cheese - null
[2020-01-19T15:25:07.169] [DEBUG] cheese - login => username:admin,password:123456
[2020-01-19T15:25:07.170] [DEBUG] cheese - admin
[2020-01-19T15:25:07.172] [DEBUG] cheese - null
[2020-01-19T15:25:07.173] [DEBUG] cheese - null
[2020-01-19T15:26:31.579] [DEBUG] cheese - login => username:admin,password:123456d
[2020-01-19T15:26:31.579] [DEBUG] cheese - admin
[2020-01-19T15:26:31.581] [DEBUG] cheese - null
[2020-01-19T15:26:31.581] [DEBUG] cheese - null
[2020-01-19T15:26:34.835] [DEBUG] cheese - login => username:admin,password:123456d
[2020-01-19T15:26:34.835] [DEBUG] cheese - admin
[2020-01-19T15:26:34.836] [DEBUG] cheese - null
[2020-01-19T15:26:34.837] [DEBUG] cheese - null
[2020-01-19T15:26:35.293] [DEBUG] cheese - login => username:admin,password:123456d
[2020-01-19T15:26:35.293] [DEBUG] cheese - admin
[2020-01-19T15:26:35.296] [DEBUG] cheese - null
[2020-01-19T15:26:35.296] [DEBUG] cheese - null
[2020-01-19T15:26:40.302] [DEBUG] cheese - login => username:admin,password:123456
[2020-01-19T15:26:40.302] [DEBUG] cheese - admin
[2020-01-19T15:26:40.304] [DEBUG] cheese - null
[2020-01-19T15:26:40.304] [DEBUG] cheese - null
[2020-01-19T15:28:41.289] [DEBUG] cheese - login => username:admin,password:123456
[2020-01-19T15:28:41.289] [DEBUG] cheese - admin
[2020-01-19T15:28:41.291] [DEBUG] cheese - null
[2020-01-19T15:28:41.291] [DEBUG] cheese - null
[2020-01-19T15:29:36.110] [DEBUG] cheese - login => username:admin,password:123456
[2020-01-19T15:29:36.110] [DEBUG] cheese - admin
[2020-01-19T15:29:36.113] [DEBUG] cheese - null
[2020-01-19T15:29:36.113] [DEBUG] cheese - null
[2020-01-19T15:30:03.885] [DEBUG] cheese - login => username:admin,password:123456
[2020-01-19T15:30:03.885] [DEBUG] cheese - admin
[2020-01-19T15:30:03.888] [DEBUG] cheese - null
[2020-01-19T15:30:03.888] [DEBUG] cheese - null
[2020-01-19T15:42:40.236] [DEBUG] cheese - login => username:admin,password:123456
[2020-01-19T15:42:40.236] [DEBUG] cheese - admin
[2020-01-19T15:42:40.239] [DEBUG] cheese - null
[2020-01-19T15:42:40.239] [DEBUG] cheese - null
[2020-01-19T16:03:47.994] [DEBUG] cheese - login => username:admin,password:123456
[2020-01-19T16:03:47.994] [DEBUG] cheese - admin
[2020-01-19T16:03:47.997] [DEBUG] cheese - null
[2020-01-19T16:03:47.997] [DEBUG] cheese - null
[2020-01-19T16:10:45.012] [DEBUG] cheese - login => username:admin,password:123456
[2020-01-19T16:10:45.012] [DEBUG] cheese - admin
[2020-01-19T16:10:45.016] [DEBUG] cheese - null
[2020-01-19T16:10:45.016] [DEBUG] cheese - null
[2020-01-19T16:11:53.433] [DEBUG] cheese - login => username:admin,password:123456
[2020-01-19T16:11:53.433] [DEBUG] cheese - admin
[2020-01-19T16:11:53.436] [DEBUG] cheese - null
[2020-01-19T16:11:53.436] [DEBUG] cheese - null
[2020-01-19T16:18:49.514] [DEBUG] cheese - login => username:admin,password:123456
[2020-01-19T16:18:49.514] [DEBUG] cheese - admin
[2020-01-19T16:18:49.516] [DEBUG] cheese - null
[2020-01-19T16:18:49.517] [DEBUG] cheese - null
[2020-01-19T16:28:16.679] [DEBUG] cheese - login => username:admin,password:123456
[2020-01-19T16:28:16.679] [DEBUG] cheese - admin
[2020-01-19T16:28:16.681] [DEBUG] cheese - null
[2020-01-19T16:28:16.681] [DEBUG] cheese - null
[2020-01-19T16:56:02.532] [DEBUG] cheese - login => username:admin,password:123456
[2020-01-19T16:56:02.533] [DEBUG] cheese - admin
[2020-01-19T16:56:02.536] [DEBUG] cheese - null
[2020-01-19T16:56:02.536] [DEBUG] cheese - null
[2020-01-19T17:21:38.815] [DEBUG] cheese - login => username:admin,password:123456
[2020-01-19T17:21:38.815] [DEBUG] cheese - admin
[2020-01-19T17:21:38.817] [DEBUG] cheese - null
[2020-01-19T17:21:38.817] [DEBUG] cheese - null
[2020-01-19T17:23:50.368] [DEBUG] cheese - login => username:admin,password:123456
[2020-01-19T17:23:50.369] [DEBUG] cheese - admin
[2020-01-19T17:23:50.371] [DEBUG] cheese - null
[2020-01-19T17:23:50.371] [DEBUG] cheese - null
[2020-01-19T17:24:24.053] [DEBUG] cheese - login => username:admin,password:123456
[2020-01-19T17:24:24.053] [DEBUG] cheese - admin
[2020-01-19T17:24:24.055] [DEBUG] cheese - null
[2020-01-19T17:24:24.055] [DEBUG] cheese - null
[2020-01-19T17:28:18.312] [DEBUG] cheese - login => username:admin,password:123456
[2020-01-19T17:28:18.312] [DEBUG] cheese - admin
[2020-01-19T17:28:18.315] [DEBUG] cheese - null
[2020-01-19T17:28:18.315] [DEBUG] cheese - null
[2020-01-19T17:44:37.466] [DEBUG] cheese - login => username:admin,password:123456
[2020-01-19T17:44:37.466] [DEBUG] cheese - admin
[2020-01-19T17:44:37.469] [DEBUG] cheese - null
[2020-01-19T17:44:37.469] [DEBUG] cheese - null
[2020-01-19T17:46:20.424] [DEBUG] cheese - login => username:admin,password:123456
[2020-01-19T17:46:20.424] [DEBUG] cheese - admin
[2020-01-19T17:46:20.428] [DEBUG] cheese - null
[2020-01-19T17:46:20.428] [DEBUG] cheese - null
[2020-01-19T21:53:47.644] [DEBUG] cheese - login => username:admin,password:123456
[2020-01-19T21:53:47.644] [DEBUG] cheese - admin
[2020-01-19T21:53:47.647] [DEBUG] cheese - null
[2020-01-19T21:53:47.647] [DEBUG] cheese - null
[2020-01-19T22:21:52.998] [DEBUG] cheese - login => username:admin,password:123456
[2020-01-19T22:21:52.998] [DEBUG] cheese - admin
[2020-01-19T22:21:53.001] [DEBUG] cheese - null
[2020-01-19T22:21:53.001] [DEBUG] cheese - null
[2020-01-19T23:08:34.335] [DEBUG] cheese - login => username:admin,password:123456
[2020-01-19T23:08:34.335] [DEBUG] cheese - admin
[2020-01-19T23:08:34.337] [DEBUG] cheese - null
[2020-01-19T23:08:34.337] [DEBUG] cheese - null
[2020-01-20T16:15:37.043] [DEBUG] cheese - login => username:admin,password:123456
[2020-01-20T16:15:37.045] [DEBUG] cheese - admin
[2020-01-20T16:15:37.055] [DEBUG] cheese - null
[2020-01-20T16:15:37.056] [DEBUG] cheese - null
[2020-01-20T16:40:51.810] [DEBUG] cheese - login => username:admin,password:123456
[2020-01-20T16:40:51.810] [DEBUG] cheese - admin
[2020-01-20T16:40:51.814] [DEBUG] cheese - null
[2020-01-20T16:40:51.814] [DEBUG] cheese - null
[2020-01-20T23:36:37.377] [DEBUG] cheese - login => username:admin,password:123456
[2020-01-20T23:36:37.378] [DEBUG] cheese - admin
[2020-01-20T23:36:37.380] [DEBUG] cheese - null
[2020-01-20T23:36:37.380] [DEBUG] cheese - null
[2020-01-21T15:57:20.945] [DEBUG] cheese - null
[2020-01-21T23:03:47.319] [DEBUG] cheese - login => username:admin,password:123456
[2020-01-21T23:03:47.320] [DEBUG] cheese - admin
[2020-01-21T23:03:47.323] [DEBUG] cheese - null
[2020-01-21T23:03:47.323] [DEBUG] cheese - null
[2020-01-23T20:44:20.582] [DEBUG] cheese - login => username:admin,password:123456
[2020-01-23T20:44:20.585] [DEBUG] cheese - admin
[2020-01-23T20:44:20.604] [DEBUG] cheese - null
[2020-01-23T20:44:20.605] [DEBUG] cheese - null
[2020-01-25T12:07:27.757] [DEBUG] cheese - login => username:admin,password:123456
[2020-01-25T12:07:27.758] [DEBUG] cheese - admin
[2020-01-25T12:07:27.868] [DEBUG] cheese - null
[2020-01-25T12:07:27.868] [DEBUG] cheese - null
[2020-01-25T17:55:09.328] [DEBUG] cheese - login => username:admin,password:123456
[2020-01-25T17:55:09.328] [DEBUG] cheese - admin
[2020-01-25T17:55:09.330] [DEBUG] cheese - null
[2020-01-25T17:55:09.330] [DEBUG] cheese - null
[2020-01-25T17:56:06.587] [DEBUG] cheese - login => username:admi,password:123456
[2020-01-25T17:56:06.588] [DEBUG] cheese - admi
[2020-01-25T17:56:06.589] [DEBUG] cheese - null
[2020-01-25T17:56:06.589] [DEBUG] cheese - null
[2020-01-25T17:56:10.552] [DEBUG] cheese - login => username:admin,password:123456
[2020-01-25T17:56:10.552] [DEBUG] cheese - admin
[2020-01-25T17:56:10.555] [DEBUG] cheese - null
[2020-01-25T17:56:10.555] [DEBUG] cheese - null
[2020-01-25T17:56:25.692] [DEBUG] cheese - login => username:linken,password:123456
[2020-01-25T17:56:25.692] [DEBUG] cheese - linken
[2020-01-25T17:56:25.695] [DEBUG] cheese - null
[2020-01-25T17:56:25.695] [DEBUG] cheese - null
[2020-01-25T17:56:33.086] [DEBUG] cheese - login => username:admin,password:123456
[2020-01-25T17:56:33.086] [DEBUG] cheese - admin
[2020-01-25T17:56:33.089] [DEBUG] cheese - null
[2020-01-25T17:56:33.089] [DEBUG] cheese - null
[2020-01-25T18:01:11.807] [DEBUG] cheese - login => username:auth,password:123456
[2020-01-25T18:01:11.807] [DEBUG] cheese - auth
[2020-01-25T18:01:11.809] [DEBUG] cheese - null
[2020-01-25T18:01:11.809] [DEBUG] cheese - null
[2020-01-25T18:01:21.331] [DEBUG] cheese - login => username:auth,password:123456
[2020-01-25T18:01:21.331] [DEBUG] cheese - auth
[2020-01-25T18:01:21.333] [DEBUG] cheese - null
[2020-01-25T18:01:21.333] [DEBUG] cheese - null
[2020-01-25T18:01:22.594] [DEBUG] cheese - login => username:admin,password:123456
[2020-01-25T18:01:22.594] [DEBUG] cheese - admin
[2020-01-25T18:01:22.596] [DEBUG] cheese - null
[2020-01-25T18:01:22.596] [DEBUG] cheese - null
[2020-01-25T18:01:46.719] [DEBUG] cheese - login => username:auth,password:123456
[2020-01-25T18:01:46.719] [DEBUG] cheese - auth
[2020-01-25T18:01:46.720] [DEBUG] cheese - null
[2020-01-25T18:01:46.720] [DEBUG] cheese - null
[2020-01-25T18:01:49.042] [DEBUG] cheese - null
[2020-01-25T18:01:49.045] [DEBUG] cheese - null
[2020-01-25T18:01:52.237] [DEBUG] cheese - null
[2020-01-25T18:01:52.238] [DEBUG] cheese - null
[2020-01-25T18:01:53.421] [DEBUG] cheese - null
[2020-01-25T18:01:53.424] [DEBUG] cheese - null
[2020-01-25T18:01:59.201] [DEBUG] cheese - login => username:admin,password:123456
[2020-01-25T18:01:59.201] [DEBUG] cheese - admin
[2020-01-25T18:01:59.202] [DEBUG] cheese - null
[2020-01-25T18:01:59.202] [DEBUG] cheese - null
[2020-01-26T13:07:24.764] [DEBUG] cheese - login => username:admin,password:123456
[2020-01-26T13:07:24.764] [DEBUG] cheese - admin
[2020-01-26T13:07:24.767] [DEBUG] cheese - null
[2020-01-26T13:07:24.767] [DEBUG] cheese - null
[2020-01-26T16:04:29.486] [DEBUG] cheese - login => username:admin,password:123456
[2020-01-26T16:04:29.486] [DEBUG] cheese - admin
[2020-01-26T16:04:29.592] [DEBUG] cheese - null
[2020-01-26T16:04:29.592] [DEBUG] cheese - null
[2020-01-26T17:42:27.771] [DEBUG] cheese - login => username:orders,password:123456
[2020-01-26T17:42:27.772] [DEBUG] cheese - orders
[2020-01-26T17:42:27.776] [DEBUG] cheese - null
[2020-01-26T17:42:27.776] [DEBUG] cheese - null
[2020-01-26T17:42:37.026] [DEBUG] cheese - login => username:admin,password:123456
[2020-01-26T17:42:37.026] [DEBUG] cheese - admin
[2020-01-26T17:42:37.031] [DEBUG] cheese - null
[2020-01-26T17:42:37.031] [DEBUG] cheese - null
[2020-01-26T17:42:51.967] [DEBUG] cheese - login => username:good,password:123456
[2020-01-26T17:42:51.967] [DEBUG] cheese - good
[2020-01-26T17:42:51.968] [DEBUG] cheese - null
[2020-01-26T17:42:51.969] [DEBUG] cheese - null
[2020-01-26T17:42:57.198] [DEBUG] cheese - login => username:good,password:123456
[2020-01-26T17:42:57.198] [DEBUG] cheese - good
[2020-01-26T17:42:57.202] [DEBUG] cheese - null
[2020-01-26T17:42:57.202] [DEBUG] cheese - null
[2020-01-26T17:43:03.117] [DEBUG] cheese - login => username:admin,password:123456
[2020-01-26T17:43:03.117] [DEBUG] cheese - admin
[2020-01-26T17:43:03.121] [DEBUG] cheese - null
[2020-01-26T17:43:03.121] [DEBUG] cheese - null
[2020-01-26T17:59:57.263] [DEBUG] cheese - login => username:linken,password:123456
[2020-01-26T17:59:57.263] [DEBUG] cheese - linken
[2020-01-26T17:59:57.266] [DEBUG] cheese - null
[2020-01-26T17:59:57.266] [DEBUG] cheese - null
[2020-01-26T17:59:59.567] [DEBUG] cheese - null
[2020-01-26T17:59:59.571] [DEBUG] cheese - null
[2020-01-26T18:00:00.669] [DEBUG] cheese - null
[2020-01-26T18:00:00.673] [DEBUG] cheese - null
[2020-01-26T18:00:01.722] [DEBUG] cheese - null
[2020-01-26T18:00:01.725] [DEBUG] cheese - null
[2020-01-26T18:00:12.566] [DEBUG] cheese - null
[2020-01-26T18:00:12.571] [DEBUG] cheese - null
[2020-01-26T18:00:13.701] [DEBUG] cheese - null
[2020-01-26T18:00:13.705] [DEBUG] cheese - null
[2020-01-26T18:00:20.653] [DEBUG] cheese - login => username:admin,password:123456
[2020-01-26T18:00:20.653] [DEBUG] cheese - admin
[2020-01-26T18:00:20.657] [DEBUG] cheese - null
[2020-01-26T18:00:20.657] [DEBUG] cheese - null
[2020-01-26T18:01:02.169] [DEBUG] cheese - login => username:admin,password:123456
[2020-01-26T18:01:02.169] [DEBUG] cheese - admin
[2020-01-26T18:01:02.174] [DEBUG] cheese - null
[2020-01-26T18:01:02.174] [DEBUG] cheese - null
[2020-01-26T18:01:11.646] [DEBUG] cheese - login => username:orders,password:123456
[2020-01-26T18:01:11.646] [DEBUG] cheese - orders
[2020-01-26T18:01:11.650] [DEBUG] cheese - null
[2020-01-26T18:01:11.650] [DEBUG] cheese - null
[2020-01-26T18:01:12.416] [DEBUG] cheese - login => username:orders,password:123456
[2020-01-26T18:01:12.416] [DEBUG] cheese - orders
[2020-01-26T18:01:12.421] [DEBUG] cheese - null
[2020-01-26T18:01:12.421] [DEBUG] cheese - null
[2020-01-26T18:01:12.616] [DEBUG] cheese - login => username:orders,password:123456
[2020-01-26T18:01:12.617] [DEBUG] cheese - orders
[2020-01-26T18:01:12.620] [DEBUG] cheese - null
[2020-01-26T18:01:12.621] [DEBUG] cheese - null
[2020-01-26T18:01:15.327] [DEBUG] cheese - login => username:admin,password:123456
[2020-01-26T18:01:15.327] [DEBUG] cheese - admin
[2020-01-26T18:01:15.331] [DEBUG] cheese - null
[2020-01-26T18:01:15.331] [DEBUG] cheese - null
[2020-01-26T22:01:29.107] [DEBUG] cheese - login => username:admin,password:123456
[2020-01-26T22:01:29.107] [DEBUG] cheese - admin
[2020-01-26T22:01:29.113] [DEBUG] cheese - null
[2020-01-26T22:01:29.113] [DEBUG] cheese - null
[2020-01-28T09:54:49.669] [DEBUG] cheese - login => username:admin,password:123456
[2020-01-28T09:54:49.671] [DEBUG] cheese - admin
[2020-01-28T09:54:49.689] [DEBUG] cheese - null
[2020-01-28T09:54:49.690] [DEBUG] cheese - null
[2020-01-28T09:59:40.428] [DEBUG] cheese - login => username:admin,password:123456
[2020-01-28T09:59:40.428] [DEBUG] cheese - admin
[2020-01-28T09:59:40.431] [DEBUG] cheese - null
[2020-01-28T09:59:40.431] [DEBUG] cheese - null
[2020-01-28T12:56:54.555] [DEBUG] cheese - login => username:admin,password:123456
[2020-01-28T12:56:54.555] [DEBUG] cheese - admin
[2020-01-28T12:56:54.558] [DEBUG] cheese - null
[2020-01-28T12:56:54.558] [DEBUG] cheese - null
[2020-01-29T14:09:05.931] [DEBUG] cheese - login => username:admin,password:123456
[2020-01-29T14:09:05.931] [DEBUG] cheese - admin
[2020-01-29T14:09:05.987] [DEBUG] cheese - null
[2020-01-29T14:09:05.987] [DEBUG] cheese - null
[2020-01-30T13:06:03.979] [DEBUG] cheese - login => username:admin,password:123456
[2020-01-30T13:06:03.981] [DEBUG] cheese - admin
[2020-01-30T13:06:03.998] [DEBUG] cheese - null
[2020-01-30T13:06:03.999] [DEBUG] cheese - null
[2020-01-31T15:04:41.057] [DEBUG] cheese - login => username:admin,password:123456
[2020-01-31T15:04:41.059] [DEBUG] cheese - admin
[2020-01-31T15:04:41.091] [DEBUG] cheese - null
[2020-01-31T15:04:41.091] [DEBUG] cheese - null
[2020-01-31T15:16:39.226] [DEBUG] cheese - login => username:admin,password:123456
[2020-01-31T15:16:39.226] [DEBUG] cheese - admin
[2020-01-31T15:16:39.230] [DEBUG] cheese - null
[2020-01-31T15:16:39.230] [DEBUG] cheese - null
[2020-01-31T15:16:57.411] [DEBUG] cheese - login => username:admin,password:123456
[2020-01-31T15:16:57.412] [DEBUG] cheese - admin
[2020-01-31T15:16:57.416] [DEBUG] cheese - null
[2020-01-31T15:16:57.416] [DEBUG] cheese - null
[2020-01-31T16:45:49.514] [DEBUG] cheese - null
[2020-02-01T15:19:52.934] [DEBUG] cheese - login => username:admin,password:123456
[2020-02-01T15:19:52.934] [DEBUG] cheese - admin
[2020-02-01T15:19:52.943] [DEBUG] cheese - null
[2020-02-01T15:19:52.943] [DEBUG] cheese - null
[2020-02-02T10:55:43.884] [DEBUG] cheese - login => username:admin,password:123456
[2020-02-02T10:55:43.884] [DEBUG] cheese - admin
[2020-02-02T10:55:43.887] [DEBUG] cheese - null
[2020-02-02T10:55:43.887] [DEBUG] cheese - null
[2020-02-02T12:23:43.455] [DEBUG] cheese - login => username:admin,password:123456
[2020-02-02T12:23:43.458] [DEBUG] cheese - admin
[2020-02-02T12:23:43.478] [DEBUG] cheese - null
[2020-02-02T12:23:43.478] [DEBUG] cheese - null
[2020-02-02T12:25:57.106] [DEBUG] cheese - login => username:admin,password:123456
[2020-02-02T12:25:57.106] [DEBUG] cheese - admin
[2020-02-02T12:25:57.112] [DEBUG] cheese - null
[2020-02-02T12:25:57.112] [DEBUG] cheese - null
[2020-02-02T12:27:41.624] [DEBUG] cheese - login => username:admin,password:123456
[2020-02-02T12:27:41.624] [DEBUG] cheese - admin
[2020-02-02T12:27:41.630] [DEBUG] cheese - null
[2020-02-02T12:27:41.630] [DEBUG] cheese - null
[2020-02-02T12:28:10.566] [DEBUG] cheese - login => username:admin5,password:123456
[2020-02-02T12:28:10.566] [DEBUG] cheese - admin5
[2020-02-02T12:28:10.570] [DEBUG] cheese - null
[2020-02-02T12:28:10.571] [DEBUG] cheese - null
[2020-02-02T12:28:31.941] [DEBUG] cheese - login => username:admin,password:123456
[2020-02-02T12:28:31.941] [DEBUG] cheese - admin
[2020-02-02T12:28:31.946] [DEBUG] cheese - null
[2020-02-02T12:28:31.946] [DEBUG] cheese - null
[2020-02-02T12:40:46.618] [DEBUG] cheese - login => username:admin,password:123456
[2020-02-02T12:40:46.619] [DEBUG] cheese - admin
[2020-02-02T12:40:46.622] [DEBUG] cheese - null
[2020-02-02T12:40:46.622] [DEBUG] cheese - null
[2020-02-02T12:47:25.040] [DEBUG] cheese - login => username:admin,password:123456
[2020-02-02T12:47:25.040] [DEBUG] cheese - admin
[2020-02-02T12:47:25.043] [DEBUG] cheese - null
[2020-02-02T12:47:25.043] [DEBUG] cheese - null
[2020-02-02T12:59:06.747] [DEBUG] cheese - login => username:admin,password:123456
[2020-02-02T12:59:06.750] [DEBUG] cheese - admin
[2020-02-02T12:59:06.762] [DEBUG] cheese - null
[2020-02-02T12:59:06.762] [DEBUG] cheese - null
[2020-02-02T13:42:31.266] [DEBUG] cheese - login => username:admin,password:123456
[2020-02-02T13:42:31.266] [DEBUG] cheese - admin
[2020-02-02T13:42:31.272] [DEBUG] cheese - null
[2020-02-02T13:42:31.273] [DEBUG] cheese - null
[2020-02-02T13:42:52.236] [DEBUG] cheese - login => username:admin,password:123456
[2020-02-02T13:42:52.237] [DEBUG] cheese - admin
[2020-02-02T13:42:52.241] [DEBUG] cheese - null
[2020-02-02T13:42:52.241] [DEBUG] cheese - null
[2020-02-02T13:43:22.373] [DEBUG] cheese - login => username:admin,password:123456
[2020-02-02T13:43:22.373] [DEBUG] cheese - admin
[2020-02-02T13:43:22.381] [DEBUG] cheese - null
[2020-02-02T13:43:22.382] [DEBUG] cheese - null
[2020-02-02T13:57:57.669] [DEBUG] cheese - login => username:admin,password:123456
[2020-02-02T13:57:57.669] [DEBUG] cheese - admin
[2020-02-02T13:57:57.675] [DEBUG] cheese - null
[2020-02-02T13:57:57.675] [DEBUG] cheese - null
[2020-02-02T14:01:00.834] [DEBUG] cheese - login => username:admin,password:123456
[2020-02-02T14:01:00.836] [DEBUG] cheese - admin
[2020-02-02T14:01:00.875] [DEBUG] cheese - null
[2020-02-02T14:01:00.876] [DEBUG] cheese - null
[2020-02-02T14:28:33.260] [DEBUG] cheese - login => username:admin,password:123456
[2020-02-02T14:28:33.260] [DEBUG] cheese - admin
[2020-02-02T14:28:33.263] [DEBUG] cheese - null
[2020-02-02T14:28:33.263] [DEBUG] cheese - null
[2020-02-02T14:35:49.467] [DEBUG] cheese - login => username:admin,password:123456
[2020-02-02T14:35:49.467] [DEBUG] cheese - admin
[2020-02-02T14:35:49.470] [DEBUG] cheese - null
[2020-02-02T14:35:49.470] [DEBUG] cheese - null
[2020-02-02T15:29:21.354] [DEBUG] cheese - login => username:admin,password:123456
[2020-02-02T15:29:21.354] [DEBUG] cheese - admin
[2020-02-02T15:29:21.363] [DEBUG] cheese - null
[2020-02-02T15:29:21.363] [DEBUG] cheese - null
[2020-02-02T15:34:42.350] [DEBUG] cheese - login => username:admin,password:123456
[2020-02-02T15:34:42.350] [DEBUG] cheese - admin
[2020-02-02T15:34:42.352] [DEBUG] cheese - null
[2020-02-02T15:34:42.353] [DEBUG] cheese - null
[2020-02-02T16:01:32.433] [DEBUG] cheese - login => username:admin,password:123456
[2020-02-02T16:01:32.433] [DEBUG] cheese - admin
[2020-02-02T16:01:32.435] [DEBUG] cheese - null
[2020-02-02T16:01:32.435] [DEBUG] cheese - null
[2020-02-02T16:11:20.413] [DEBUG] cheese - login => username:admin,password:123456
[2020-02-02T16:11:20.413] [DEBUG] cheese - admin
[2020-02-02T16:11:20.414] [DEBUG] cheese - null
[2020-02-02T16:11:20.414] [DEBUG] cheese - null
[2020-02-05T13:54:07.684] [DEBUG] cheese - login => username:admin,password:123456
[2020-02-05T13:54:07.685] [DEBUG] cheese - admin
[2020-02-05T13:54:07.719] [DEBUG] cheese - null
[2020-02-05T13:54:07.719] [DEBUG] cheese - null
[2020-02-14T17:01:46.873] [DEBUG] cheese - login => username:admin,password:123456
[2020-02-14T17:01:46.876] [DEBUG] cheese - admin
[2020-02-14T17:01:46.900] [DEBUG] cheese - null
[2020-02-14T17:01:46.901] [DEBUG] cheese - null
[2020-02-14T17:50:21.591] [DEBUG] cheese - login => username:admin,password:123456
[2020-02-14T17:50:21.594] [DEBUG] cheese - admin
[2020-02-14T17:50:21.604] [DEBUG] cheese - null
[2020-02-14T17:50:21.604] [DEBUG] cheese - null
[2020-02-14T17:51:46.243] [DEBUG] cheese - login => username:report,password:123456
[2020-02-14T17:51:46.244] [DEBUG] cheese - report
[2020-02-14T17:51:46.247] [DEBUG] cheese - null
[2020-02-14T17:51:46.247] [DEBUG] cheese - null
[2020-02-14T17:51:51.927] [DEBUG] cheese - login => username:admin,password:123456
[2020-02-14T17:51:51.928] [DEBUG] cheese - admin
[2020-02-14T17:51:51.930] [DEBUG] cheese - null
[2020-02-14T17:51:51.930] [DEBUG] cheese - null
[2020-02-14T17:53:05.427] [DEBUG] cheese - login => username:author,password:123456
[2020-02-14T17:53:05.427] [DEBUG] cheese - author
[2020-02-14T17:53:05.429] [DEBUG] cheese - null
[2020-02-14T17:53:05.429] [DEBUG] cheese - null
[2020-02-14T17:53:07.947] [DEBUG] cheese - null
[2020-02-14T17:53:07.949] [DEBUG] cheese - null
[2020-02-14T17:53:13.294] [DEBUG] cheese - null
[2020-02-14T17:53:13.296] [DEBUG] cheese - null
[2020-02-14T17:53:14.599] [DEBUG] cheese - null
[2020-02-14T17:53:14.601] [DEBUG] cheese - null
[2020-02-14T17:53:23.043] [DEBUG] cheese - login => username:admin,password:123456
[2020-02-14T17:53:23.043] [DEBUG] cheese - admin
[2020-02-14T17:53:23.045] [DEBUG] cheese - null
[2020-02-14T17:53:23.045] [DEBUG] cheese - null
[2020-02-15T13:35:26.258] [DEBUG] cheese - login => username:admin,password:123456
[2020-02-15T13:35:26.259] [DEBUG] cheese - admin
[2020-02-15T13:35:26.261] [DEBUG] cheese - null
[2020-02-15T13:35:26.261] [DEBUG] cheese - null
[2020-02-16T12:38:14.875] [DEBUG] cheese - login => username:admin,password:123456
[2020-02-16T12:38:14.875] [DEBUG] cheese - admin
[2020-02-16T12:38:14.885] [DEBUG] cheese - null
[2020-02-16T12:38:14.885] [DEBUG] cheese - null
[2020-02-19T12:23:52.880] [DEBUG] cheese - login => username:admin,password:123456
[2020-02-19T12:23:52.880] [DEBUG] cheese - admin
[2020-02-19T12:23:52.886] [DEBUG] cheese - null
[2020-02-19T12:23:52.887] [DEBUG] cheese - null
[2020-02-19T12:26:17.173] [DEBUG] cheese - login => username:admin,password:123456
[2020-02-19T12:26:17.173] [DEBUG] cheese - admin
[2020-02-19T12:26:17.176] [DEBUG] cheese - null
[2020-02-19T12:26:17.176] [DEBUG] cheese - null
[2020-02-19T12:27:14.420] [DEBUG] cheese - login => username:admin,password:123456
[2020-02-19T12:27:14.420] [DEBUG] cheese - admin
[2020-02-19T12:27:14.422] [DEBUG] cheese - null
[2020-02-19T12:27:14.423] [DEBUG] cheese - null
[2020-03-31T17:14:57.261] [DEBUG] cheese - login => username:jion,password:123456
[2020-03-31T17:14:57.269] [DEBUG] cheese - jion
[2020-03-31T17:14:57.285] [DEBUG] cheese - null
[2020-03-31T17:14:57.287] [DEBUG] cheese - null
[2020-03-31T17:15:32.034] [DEBUG] cheese - login => username:admin,password:123456
[2020-03-31T17:15:32.034] [DEBUG] cheese - admin
[2020-03-31T17:15:32.049] [DEBUG] cheese - null
[2020-03-31T17:15:32.050] [DEBUG] cheese - null
[2020-04-05T20:42:03.085] [DEBUG] cheese - login => username:xxxx,password:111111
[2020-04-05T20:42:03.087] [DEBUG] cheese - xxxx
[2020-04-05T20:42:03.248] [DEBUG] cheese - null
[2020-04-05T20:42:03.249] [DEBUG] cheese - null
[2020-04-05T20:43:26.287] [DEBUG] cheese - login => username:dddd,password:111111
[2020-04-05T20:43:26.287] [DEBUG] cheese - dddd
[2020-04-05T20:43:26.290] [DEBUG] cheese - null
[2020-04-05T20:43:26.290] [DEBUG] cheese - null
[2020-04-05T20:46:27.549] [DEBUG] cheese - login => username:sss,password:1223211
[2020-04-05T20:46:27.549] [DEBUG] cheese - sss
[2020-04-05T20:46:27.551] [DEBUG] cheese - null
[2020-04-05T20:46:27.551] [DEBUG] cheese - null
[2020-04-05T20:48:32.189] [DEBUG] cheese - login => username:dddd,password:qweqweq
[2020-04-05T20:48:32.189] [DEBUG] cheese - dddd
[2020-04-05T20:48:32.192] [DEBUG] cheese - null
[2020-04-05T20:48:32.192] [DEBUG] cheese - null
[2020-04-05T20:49:24.073] [DEBUG] cheese - login => username:admin,password:123456
[2020-04-05T20:49:24.073] [DEBUG] cheese - admin
[2020-04-05T20:49:24.079] [DEBUG] cheese - null
[2020-04-05T20:49:24.079] [DEBUG] cheese - null
[2020-04-09T14:13:33.997] [DEBUG] cheese - login => username:admin,password:123456
[2020-04-09T14:13:34.000] [DEBUG] cheese - admin
[2020-04-09T14:13:34.159] [DEBUG] cheese - null
[2020-04-09T14:13:34.160] [DEBUG] cheese - null
[2020-04-09T14:17:09.626] [DEBUG] cheese - login => username:admin,password:123456
[2020-04-09T14:17:09.626] [DEBUG] cheese - admin
[2020-04-09T14:17:09.630] [DEBUG] cheese - null
[2020-04-09T14:17:09.630] [DEBUG] cheese - null
[2020-04-09T14:17:20.630] [DEBUG] cheese - login => username:admin,password:123456
[2020-04-09T14:17:20.630] [DEBUG] cheese - admin
[2020-04-09T14:17:20.634] [DEBUG] cheese - null
[2020-04-09T14:17:20.634] [DEBUG] cheese - null
[2020-04-09T16:29:15.478] [DEBUG] cheese - login => username:admin,password:123456
[2020-04-09T16:29:15.478] [DEBUG] cheese - admin
[2020-04-09T16:29:15.483] [DEBUG] cheese - null
[2020-04-09T16:29:15.483] [DEBUG] cheese - null
[2020-04-09T16:29:22.893] [DEBUG] cheese - login => username:admin,password:123456
[2020-04-09T16:29:22.893] [DEBUG] cheese - admin
[2020-04-09T16:29:22.896] [DEBUG] cheese - null
[2020-04-09T16:29:22.896] [DEBUG] cheese - null
[2020-04-09T16:30:09.341] [DEBUG] cheese - login => username:admin,password:123456
[2020-04-09T16:30:09.341] [DEBUG] cheese - admin
[2020-04-09T16:30:09.363] [DEBUG] cheese - null
[2020-04-09T16:30:09.363] [DEBUG] cheese - null
[2020-04-09T16:30:15.500] [DEBUG] cheese - login => username:admin,password:123456
[2020-04-09T16:30:15.500] [DEBUG] cheese - admin
[2020-04-09T16:30:15.504] [DEBUG] cheese - null
[2020-04-09T16:30:15.504] [DEBUG] cheese - null
[2020-04-09T16:35:09.620] [DEBUG] cheese - login => username:admin,password:123456
[2020-04-09T16:35:09.620] [DEBUG] cheese - admin
[2020-04-09T16:35:09.624] [DEBUG] cheese - null
[2020-04-09T16:35:09.625] [DEBUG] cheese - null
[2020-04-09T16:53:05.624] [DEBUG] cheese - login => username:admin,password:123456
[2020-04-09T16:53:05.624] [DEBUG] cheese - admin
[2020-04-09T16:53:05.628] [DEBUG] cheese - null
[2020-04-09T16:53:05.628] [DEBUG] cheese - null
[2020-04-09T18:51:37.003] [DEBUG] cheese - login => username:admin,password:123456
[2020-04-09T18:51:37.005] [DEBUG] cheese - admin
[2020-04-09T18:51:37.077] [DEBUG] cheese - null
[2020-04-09T18:51:37.078] [DEBUG] cheese - null
[2020-04-10T18:01:52.977] [DEBUG] cheese - login => username:admin,password:123456
[2020-04-10T18:01:52.987] [DEBUG] cheese - admin
[2020-04-10T18:01:53.303] [DEBUG] cheese - null
[2020-04-10T18:01:53.305] [DEBUG] cheese - null
[2020-04-10T18:06:10.592] [DEBUG] cheese - login => username:admin,password:123456
[2020-04-10T18:06:10.592] [DEBUG] cheese - admin
[2020-04-10T18:06:10.597] [DEBUG] cheese - null
[2020-04-10T18:06:10.597] [DEBUG] cheese - null
[2020-04-10T21:35:38.053] [DEBUG] cheese - login => username:admin,password:123456
[2020-04-10T21:35:38.057] [DEBUG] cheese - admin
[2020-04-10T21:35:38.093] [DEBUG] cheese - null
[2020-04-10T21:35:38.094] [DEBUG] cheese - null
[2020-04-10T22:31:18.482] [DEBUG] cheese - login => username:admin,password:123456
[2020-04-10T22:31:18.483] [DEBUG] cheese - admin
[2020-04-10T22:31:18.492] [DEBUG] cheese - null
[2020-04-10T22:31:18.492] [DEBUG] cheese - null
[2020-04-11T18:09:36.256] [DEBUG] cheese - login => username:admin,password:123456
[2020-04-11T18:09:36.259] [DEBUG] cheese - admin
[2020-04-11T18:09:36.413] [DEBUG] cheese - null
[2020-04-11T18:09:36.414] [DEBUG] cheese - null
[2020-04-12T16:00:32.847] [DEBUG] cheese - login => username:admin,password:123456
[2020-04-12T16:00:32.848] [DEBUG] cheese - admin
[2020-04-12T16:00:32.990] [DEBUG] cheese - null
[2020-04-12T16:00:32.990] [DEBUG] cheese - null
[2020-04-14T10:30:06.705] [DEBUG] cheese - login => username:admin,password:123456
[2020-04-14T10:30:06.707] [DEBUG] cheese - admin
[2020-04-14T10:30:06.936] [DEBUG] cheese - null
[2020-04-14T10:30:06.937] [DEBUG] cheese - null
[2020-04-14T11:47:32.598] [DEBUG] cheese - login => username:admin,password:123456
[2020-04-14T11:47:32.598] [DEBUG] cheese - admin
[2020-04-14T11:47:32.604] [DEBUG] cheese - null
[2020-04-14T11:47:32.604] [DEBUG] cheese - null
[2020-04-14T12:24:29.646] [DEBUG] cheese - login => username:admin,password:123456
[2020-04-14T12:24:29.648] [DEBUG] cheese - admin
[2020-04-14T12:24:29.658] [DEBUG] cheese - null
[2020-04-14T12:24:29.659] [DEBUG] cheese - null
[2020-04-14T12:26:04.420] [DEBUG] cheese - login => username:admin,password:123456
[2020-04-14T12:26:04.422] [DEBUG] cheese - admin
[2020-04-14T12:26:04.431] [DEBUG] cheese - null
[2020-04-14T12:26:04.432] [DEBUG] cheese - null
[2020-04-14T12:27:08.050] [DEBUG] cheese - login => username:admin,password:123456
[2020-04-14T12:27:08.051] [DEBUG] cheese - admin
[2020-04-14T12:27:08.054] [DEBUG] cheese - null
[2020-04-14T12:27:08.054] [DEBUG] cheese - null
[2020-04-14T12:41:59.182] [DEBUG] cheese - login => username:admin,password:123456
[2020-04-14T12:41:59.185] [DEBUG] cheese - admin
[2020-04-14T12:41:59.197] [DEBUG] cheese - null
[2020-04-14T12:41:59.198] [DEBUG] cheese - null
[2020-04-20T11:04:57.657] [DEBUG] cheese - login => username:admin,password:123456
[2020-04-20T11:04:57.659] [DEBUG] cheese - admin
[2020-04-20T11:04:57.740] [DEBUG] cheese - null
[2020-04-20T11:04:57.740] [DEBUG] cheese - null
[2020-04-20T19:54:18.642] [DEBUG] cheese - login => username:admin,password:123456
[2020-04-20T19:54:18.644] [DEBUG] cheese - admin
[2020-04-20T19:54:18.724] [DEBUG] cheese - null
[2020-04-20T19:54:18.725] [DEBUG] cheese - null
[2020-04-21T14:16:51.007] [DEBUG] cheese - login => username:admin,password:123456
[2020-04-21T14:16:51.010] [DEBUG] cheese - admin
[2020-04-21T14:16:51.137] [DEBUG] cheese - null
[2020-04-21T14:16:51.138] [DEBUG] cheese - null
[2020-04-21T19:58:03.361] [DEBUG] cheese - null
[2020-04-22T12:05:38.129] [DEBUG] cheese - login => username:admin,password:123456
[2020-04-22T12:05:38.132] [DEBUG] cheese - admin
[2020-04-22T12:05:38.269] [DEBUG] cheese - null
[2020-04-22T12:05:38.269] [DEBUG] cheese - null
[2020-04-22T14:29:02.003] [DEBUG] cheese - login => username:admin,password:123456
[2020-04-22T14:29:02.006] [DEBUG] cheese - admin
[2020-04-22T14:29:02.150] [DEBUG] cheese - null
[2020-04-22T14:29:02.151] [DEBUG] cheese - null
[2020-04-23T15:34:22.184] [DEBUG] cheese - login => username:admin,password:123456
[2020-04-23T15:34:22.186] [DEBUG] cheese - admin
[2020-04-23T15:34:22.303] [DEBUG] cheese - null
[2020-04-23T15:34:22.303] [DEBUG] cheese - null
[2020-04-26T17:56:23.518] [DEBUG] cheese - login => username:admin,password:123456
[2020-04-26T17:56:23.520] [DEBUG] cheese - admin
[2020-04-26T17:56:24.112] [DEBUG] cheese - null
[2020-04-26T17:56:24.113] [DEBUG] cheese - null
[2020-04-26T18:26:10.556] [DEBUG] cheese - login => username:admin,password:123456
[2020-04-26T18:26:10.559] [DEBUG] cheese - admin
[2020-04-26T18:26:10.652] [DEBUG] cheese - null
[2020-04-26T18:26:10.652] [DEBUG] cheese - null
[2020-04-27T12:01:33.403] [DEBUG] cheese - login => username:admin,password:123456
[2020-04-27T12:01:33.405] [DEBUG] cheese - admin
[2020-04-27T12:01:33.748] [DEBUG] cheese - null
[2020-04-27T12:01:33.748] [DEBUG] cheese - null
[2020-04-27T14:05:44.849] [DEBUG] cheese - login => username:admin,password:123456
[2020-04-27T14:05:44.851] [DEBUG] cheese - admin
[2020-04-27T14:05:45.067] [DEBUG] cheese - null
[2020-04-27T14:05:45.067] [DEBUG] cheese - null
[2020-04-28T13:14:53.820] [DEBUG] cheese - login => username:admin,password:123456
[2020-04-28T13:14:53.822] [DEBUG] cheese - admin
[2020-04-28T13:14:54.026] [DEBUG] cheese - null
[2020-04-28T13:14:54.027] [DEBUG] cheese - null
[2020-04-30T14:19:55.145] [DEBUG] cheese - login => username:admin,password:123456
[2020-04-30T14:19:55.148] [DEBUG] cheese - admin
[2020-04-30T14:19:55.277] [DEBUG] cheese - null
[2020-04-30T14:19:55.278] [DEBUG] cheese - null
[2020-05-01T16:58:29.588] [DEBUG] cheese - login => username:admin,password:123456
[2020-05-01T16:58:29.591] [DEBUG] cheese - admin
[2020-05-01T16:58:29.814] [DEBUG] cheese - null
[2020-05-01T16:58:29.814] [DEBUG] cheese - null
[2020-05-01T17:45:14.130] [DEBUG] cheese - null
[2020-05-01T17:49:09.094] [DEBUG] cheese - null
[2020-05-01T17:49:46.621] [DEBUG] cheese - null
[2020-05-01T17:51:23.202] [DEBUG] cheese - login => username:admin,password:123456
[2020-05-01T17:51:23.204] [DEBUG] cheese - admin
[2020-05-01T17:51:23.215] [DEBUG] cheese - null
[2020-05-01T17:51:23.216] [DEBUG] cheese - null
[2020-05-01T17:52:01.421] [DEBUG] cheese - null
[2020-05-01T17:52:18.443] [DEBUG] cheese - null
[2020-05-01T17:52:51.585] [DEBUG] cheese - null
[2020-05-02T15:00:56.558] [DEBUG] cheese - login => username:admin,password:123456
[2020-05-02T15:00:56.561] [DEBUG] cheese - admin
[2020-05-02T15:00:56.701] [DEBUG] cheese - null
[2020-05-02T15:00:56.701] [DEBUG] cheese - null
[2020-05-04T14:02:36.530] [DEBUG] cheese - login => username:admin,password:123456
[2020-05-04T14:02:36.537] [DEBUG] cheese - admin
[2020-05-04T14:02:36.782] [DEBUG] cheese - null
[2020-05-04T14:02:36.783] [DEBUG] cheese - null
[2020-05-04T15:23:26.276] [DEBUG] cheese - login => username:admin,password:123456
[2020-05-04T15:23:26.280] [DEBUG] cheese - admin
[2020-05-04T15:23:26.324] [DEBUG] cheese - null
[2020-05-04T15:23:26.325] [DEBUG] cheese - null
[2020-05-04T15:26:04.684] [DEBUG] cheese - login => username:admin,password:123456
[2020-05-04T15:26:04.690] [DEBUG] cheese - admin
[2020-05-04T15:26:04.699] [DEBUG] cheese - null
[2020-05-04T15:26:04.700] [DEBUG] cheese - null
[2020-05-04T15:26:20.186] [DEBUG] cheese - login => username:admin,password:123456
[2020-05-04T15:26:20.186] [DEBUG] cheese - admin
[2020-05-04T15:26:20.192] [DEBUG] cheese - null
[2020-05-04T15:26:20.192] [DEBUG] cheese - null
[2020-05-04T15:53:44.741] [DEBUG] cheese - login => username:admin,password:123456
[2020-05-04T15:53:44.741] [DEBUG] cheese - admin
[2020-05-04T15:53:44.746] [DEBUG] cheese - null
[2020-05-04T15:53:44.746] [DEBUG] cheese - null
[2020-05-04T15:54:03.345] [DEBUG] cheese - login => username:admin,password:123456
[2020-05-04T15:54:03.345] [DEBUG] cheese - admin
[2020-05-04T15:54:03.348] [DEBUG] cheese - null
[2020-05-04T15:54:03.348] [DEBUG] cheese - null
[2020-05-04T15:57:17.652] [DEBUG] cheese - login => username:admin,password:123456
[2020-05-04T15:57:17.652] [DEBUG] cheese - admin
[2020-05-04T15:57:17.658] [DEBUG] cheese - null
[2020-05-04T15:57:17.658] [DEBUG] cheese - null
[2020-05-04T15:58:33.328] [DEBUG] cheese - login => username:admin,password:123456
[2020-05-04T15:58:33.330] [DEBUG] cheese - admin
[2020-05-04T15:58:33.349] [DEBUG] cheese - null
[2020-05-04T15:58:33.349] [DEBUG] cheese - null
